17:43:13 ERROR (browser.py): Can't open https://www.reverso.net#sl=en&tl=ru&text=hello with Default
Traceback (most recent call last):
  File "C:\Users\korol\AppData\Roaming\FlowLauncher\Plugins\Translator-1.0.0\lib\flox\browser.py", line 60, in open
    Popen(cmd, creationflags=CREATE_NO_WINDOW)
  File "subprocess.py", line 858, in __init__
  File "subprocess.py", line 1311, in _execute_child
FileNotFoundError: [WinError 2] The system cannot find the file specified
17:45:55 ERROR (launcher.py): 'int' object is not subscriptable
Traceback (most recent call last):
  File "C:\Users\korol\AppData\Roaming\FlowLauncher\Plugins\Translator-1.0.0\lib\flox\launcher.py", line 41, in run
    results = request_method(*request_parameters) or self._results
  File "C:\Users\korol\AppData\Roaming\FlowLauncher\Plugins\Translator-1.0.0\plugin\main.py", line 32, in copy_clipboard
    pyperclip.copy(word[0])
TypeError: 'int' object is not subscriptable
17:46:19 ERROR (launcher.py): 'int' object is not subscriptable
Traceback (most recent call last):
  File "C:\Users\korol\AppData\Roaming\FlowLauncher\Plugins\Translator-1.0.0\lib\flox\launcher.py", line 41, in run
    results = request_method(*request_parameters) or self._results
  File "C:\Users\korol\AppData\Roaming\FlowLauncher\Plugins\Translator-1.0.0\plugin\main.py", line 32, in copy_clipboard
    pyperclip.copy(word[0])
TypeError: 'int' object is not subscriptable
17:47:18 ERROR (launcher.py): the JSON object must be str, bytes or bytearray, not NoneType
Traceback (most recent call last):
  File "C:\Users\korol\AppData\Roaming\FlowLauncher\Plugins\Translator-1.0.0\lib\flox\launcher.py", line 41, in run
    results = request_method(*request_parameters) or self._results
  File "C:\Users\korol\AppData\Roaming\FlowLauncher\Plugins\Translator-1.0.0\lib\flox\__init__.py", line 132, in _query
    self.query(query)
  File "C:\Users\korol\AppData\Roaming\FlowLauncher\Plugins\Translator-1.0.0\plugin\main.py", line 11, in query
    translations = self.translator.get_translation(query)
  File "C:\Users\korol\AppData\Roaming\FlowLauncher\Plugins\Translator-1.0.0\plugin\Translator.py", line 40, in get_translation
    source_lang, target_lang = self.get_source_target_lang(query)
  File "C:\Users\korol\AppData\Roaming\FlowLauncher\Plugins\Translator-1.0.0\plugin\Translator.py", line 62, in get_source_target_lang
    detect_lang = translator.detect(text).lang
  File "C:\Users\korol\AppData\Roaming\FlowLauncher\Plugins\Translator-1.0.0\lib\googletrans\client.py", line 369, in detect
    translated = self.translate(text, src='auto', dest='en')
  File "C:\Users\korol\AppData\Roaming\FlowLauncher\Plugins\Translator-1.0.0\lib\googletrans\client.py", line 219, in translate
    parsed = json.loads(data[0][2])
  File "json\__init__.py", line 341, in loads
TypeError: the JSON object must be str, bytes or bytearray, not NoneType
17:47:35 ERROR (browser.py): Can't open https://www.reverso.net#sl=ru&tl=en&text=привет%2520мир with Default
Traceback (most recent call last):
  File "C:\Users\korol\AppData\Roaming\FlowLauncher\Plugins\Translator-1.0.0\lib\flox\browser.py", line 60, in open
    Popen(cmd, creationflags=CREATE_NO_WINDOW)
  File "subprocess.py", line 858, in __init__
  File "subprocess.py", line 1311, in _execute_child
FileNotFoundError: [WinError 2] The system cannot find the file specified
17:53:26 ERROR (browser.py): Can't open https://www.reverso.net#sl=ru&tl=en&text=привет with Default
Traceback (most recent call last):
  File "C:\Users\korol\AppData\Roaming\FlowLauncher\Plugins\Translator-1.0.0\lib\flox\browser.py", line 60, in open
    Popen(cmd, creationflags=CREATE_NO_WINDOW)
  File "subprocess.py", line 858, in __init__
  File "subprocess.py", line 1311, in _execute_child
FileNotFoundError: [WinError 2] The system cannot find the file specified
